INFO [2022-06-25 12:58:00] $x
INFO [2022-06-25 12:58:00] list(Steps = daily_ids, Sleep = sleep_ids, Weight = weight_ids, 
INFO [2022-06-25 12:58:00]     Heartrate = heartrate_ids)
INFO [2022-06-25 12:58:00] 
INFO [2022-06-25 12:58:00] $filename
INFO [2022-06-25 12:58:00] [1] "features_venn_diagram.png"
INFO [2022-06-25 12:58:00] 
INFO [2022-06-25 12:58:00] $imagetype
INFO [2022-06-25 12:58:00] [1] "png"
INFO [2022-06-25 12:58:00] 
INFO [2022-06-25 12:58:00] $fill
INFO [2022-06-25 12:58:00] c("blue", "green", "yellow", "red")
INFO [2022-06-25 12:58:00] 
INFO [2022-06-25 12:58:00] $fontfamily
INFO [2022-06-25 12:58:00] [1] "sans"
INFO [2022-06-25 12:58:00] 
INFO [2022-06-25 12:58:00] $fontface
INFO [2022-06-25 12:58:00] [1] "bold"
INFO [2022-06-25 12:58:00] 
INFO [2022-06-25 12:58:00] $cat.fontface
INFO [2022-06-25 12:58:00] [1] "bold"
INFO [2022-06-25 12:58:00] 
INFO [2022-06-25 12:58:00] $cat.fontfamily
INFO [2022-06-25 12:58:00] [1] "sans"
INFO [2022-06-25 12:58:00] 
INFO [2022-06-25 12:58:00] $lwd
INFO [2022-06-25 12:58:00] [1] 3
INFO [2022-06-25 12:58:00] 
INFO [2022-06-25 12:58:00] $cex
INFO [2022-06-25 12:58:00] [1] 2
INFO [2022-06-25 12:58:00] 
