INFO [2022-06-21 13:05:35] $x
INFO [2022-06-21 13:05:35] list(Steps = daily_ids, Sleep = sleep_ids, Weight = weight_ids, 
INFO [2022-06-21 13:05:35]     Heartrate = heartrate_ids)
INFO [2022-06-21 13:05:35] 
INFO [2022-06-21 13:05:35] $filename
INFO [2022-06-21 13:05:35] [1] "features_venn_diagram.png"
INFO [2022-06-21 13:05:35] 
INFO [2022-06-21 13:05:35] $imagetype
INFO [2022-06-21 13:05:35] [1] "png"
INFO [2022-06-21 13:05:35] 
INFO [2022-06-21 13:05:35] $fill
INFO [2022-06-21 13:05:35] c("blue", "green", "yellow", "red")
INFO [2022-06-21 13:05:35] 
INFO [2022-06-21 13:05:35] $fontfamily
INFO [2022-06-21 13:05:35] [1] "sans"
INFO [2022-06-21 13:05:35] 
INFO [2022-06-21 13:05:35] $fontface
INFO [2022-06-21 13:05:35] [1] "bold"
INFO [2022-06-21 13:05:35] 
INFO [2022-06-21 13:05:35] $cat.fontface
INFO [2022-06-21 13:05:35] [1] "bold"
INFO [2022-06-21 13:05:35] 
INFO [2022-06-21 13:05:35] $cat.fontfamily
INFO [2022-06-21 13:05:35] [1] "sans"
INFO [2022-06-21 13:05:35] 
INFO [2022-06-21 13:05:35] $lwd
INFO [2022-06-21 13:05:35] [1] 3
INFO [2022-06-21 13:05:35] 
INFO [2022-06-21 13:05:35] $cex
INFO [2022-06-21 13:05:35] [1] 2
INFO [2022-06-21 13:05:35] 
